<?xml version="1.0" encoding="UTF-8"?>
<!-- Generated by org.testng.reporters.JUnitXMLReporter -->
<testsuite ignored="0" hostname="BLR-STR-DURAI" failures="1" tests="4" name="UstgDemoAppRegressionTest" time="0.192" errors="0" timestamp="2020-08-11T15:31:05 IST">
  <testcase classname="com.stackroute.automation.testng.DemoTestNG01" name="demo01Test" time="0.009"/>
  <testcase classname="com.stackroute.automation.testng.DemoTestNG01" name="demo02Test" time="0.005"/>
  <testcase classname="com.stackroute.automation.testng.DemoTestNG02" name="demo01Test" time="0.01">
    <failure type="java.lang.AssertionError">
      <![CDATA[java.lang.AssertionError
at org.junit.Assert.fail(Assert.java:86)
at org.junit.Assert.assertTrue(Assert.java:41)
at org.junit.Assert.assertTrue(Assert.java:52)
at com.stackroute.automation.testng.DemoTestNG02.demo01Test(DemoTestNG02.java:21)
at java.base/java.util.ArrayList.forEach(ArrayList.java:1540)
... Removed 27 stack frames]]>
    </failure>
  </testcase> <!-- demo01Test -->
  <testcase classname="com.stackroute.automation.testng.DemoTestNG02" name="demo02Test" time="0.006"/>
</testsuite> <!-- UstgDemoAppRegressionTest -->
