<?xml version="1.0" encoding="UTF-8"?>
<!-- Generated by org.testng.reporters.JUnitXMLReporter -->
<testsuite hostname="BLR-STR-DURAI" ignored="0" name="UstgGroupDemoAppTest" tests="4" failures="2" timestamp="2020-08-12T14:06:34 IST" time="0.118" errors="0">
  <testcase name="demo01Test" time="0.009" classname="com.stackroute.automation.testng.DemoTestNG4">
    <failure type="java.lang.NoClassDefFoundError" message="org/junit/Assert">
      <![CDATA[java.lang.NoClassDefFoundError: org/junit/Assert
at com.stackroute.automation.testng.DemoTestNG4.demo01Test(DemoTestNG4.java:23)
at java.util.ArrayList.forEach(ArrayList.java:1249)
Caused by: java.lang.ClassNotFoundException: org.junit.Assert
at java.net.URLClassLoader.findClass(URLClassLoader.java:381)
at java.lang.ClassLoader.loadClass(ClassLoader.java:424)
at sun.misc.Launcher$AppClassLoader.loadClass(Launcher.java:335)
at java.lang.ClassLoader.loadClass(ClassLoader.java:357)
... 28 more
... Removed 26 stack frames]]>
    </failure>
  </testcase> <!-- demo01Test -->
  <testcase name="demo03Test" time="0.0" classname="com.stackroute.automation.testng.DemoTestNG4">
    <failure type="java.lang.NoClassDefFoundError" message="org/junit/Assert">
      <![CDATA[java.lang.NoClassDefFoundError: org/junit/Assert
at com.stackroute.automation.testng.DemoTestNG4.demo03Test(DemoTestNG4.java:41)
at java.util.ArrayList.forEach(ArrayList.java:1249)
... Removed 26 stack frames]]>
    </failure>
  </testcase> <!-- demo03Test -->
  <testcase name="demo02Test" time="0.0" classname="com.stackroute.automation.testng.DemoTestNG4">
    <skipped/>
  </testcase> <!-- demo02Test -->
  <testcase name="demo04Test" time="0.0" classname="com.stackroute.automation.testng.DemoTestNG4">
    <skipped/>
  </testcase> <!-- demo04Test -->
</testsuite> <!-- UstgGroupDemoAppTest -->
