<?xml version="1.0" encoding="UTF-8"?>
<!-- Generated by org.testng.reporters.JUnitXMLReporter -->
<testsuite hostname="BLR-STR-DURAI" ignored="0" name="mytest1" tests="6" failures="2" timestamp="2020-08-12T14:07:45 IST" time="0.27" errors="0">
  <testcase name="demo01Test" time="0.037" classname="com.stackroute.automation.testng.DemoTestNG5">
    <failure type="java.lang.NoClassDefFoundError" message="org/junit/Assert">
      <![CDATA[java.lang.NoClassDefFoundError: org/junit/Assert
at com.stackroute.automation.testng.DemoTestNG5.demo01Test(DemoTestNG5.java:27)
at java.util.ArrayList.forEach(ArrayList.java:1249)
Caused by: java.lang.ClassNotFoundException: org.junit.Assert
at java.net.URLClassLoader.findClass(URLClassLoader.java:381)
at java.lang.ClassLoader.loadClass(ClassLoader.java:424)
at sun.misc.Launcher$AppClassLoader.loadClass(Launcher.java:335)
at java.lang.ClassLoader.loadClass(ClassLoader.java:357)
... 28 more
... Removed 26 stack frames]]>
    </failure>
  </testcase> <!-- demo01Test -->
  <testcase name="demo02Test" time="0.039" classname="com.stackroute.automation.testng.DemoTestNG5"/>
  <testcase name="demo03Test" time="0.026" classname="com.stackroute.automation.testng.DemoTestNG5">
    <failure type="java.lang.NoClassDefFoundError" message="org/junit/Assert">
      <![CDATA[java.lang.NoClassDefFoundError: org/junit/Assert
at com.stackroute.automation.testng.DemoTestNG5.demo03Test(DemoTestNG5.java:45)
at java.util.ArrayList.forEach(ArrayList.java:1249)
... Removed 26 stack frames]]>
    </failure>
  </testcase> <!-- demo03Test -->
  <testcase name="demo04Test" time="0.019" classname="com.stackroute.automation.testng.DemoTestNG5"/>
  <testcase name="verifyData1" time="0.015" classname="com.stackroute.automation.testng.DemoTestNG5"/>
  <testcase name="verifyData1" time="0.007" classname="com.stackroute.automation.testng.DemoTestNG5"/>
</testsuite> <!-- mytest1 -->
